<?xml version="1.0" encoding="UTF-8"?>
<!-- Generated by org.testng.reporters.JUnitReportReporter -->
<testsuite hostname="DESKTOP-AH9UB51" failures="0" tests="3" name="testNG_Demo.GoogleSearchTest" time="54.662" errors="0" timestamp="2025-09-23T08:01:17 IST" skipped="0">
  <testcase classname="testNG_Demo.GoogleSearchTest" name="searchMonument" time="12.332"/>
  <testcase classname="testNG_Demo.GoogleSearchTest" name="searchMonument" time="14.343"/>
  <testcase classname="testNG_Demo.GoogleSearchTest" name="searchMonument" time="27.987"/>
</testsuite> <!-- testNG_Demo.GoogleSearchTest -->
